<?xml version="1.0" encoding="UTF-8"?>
<!-- Generated by org.testng.reporters.JUnitReportReporter -->
<testsuite hostname="DESKTOP-IT3B5JU" failures="0" tests="1" name="POM.FacebookTest_Base_Utility" time="32.790" errors="0" timestamp="2023-10-10T11:27:52 IST" skipped="0">
  <testcase classname="POM.FacebookTest_Base_Utility" name="verify_username" time="32.790">
    <system-out>
      <![CDATA[---Verify username from homepage---]]>
    </system-out>
  </testcase> <!-- verify_username -->
  <system-out>
    <![CDATA[----open browser----
---login to application---
---Verify username from homepage---
---logout from application
---close browser---]]>
  </system-out>
</testsuite> <!-- POM.FacebookTest_Base_Utility -->
