<?xml version="1.0" encoding="UTF-8"?>
<!-- Generated by org.testng.reporters.JUnitReportReporter -->
<testsuite hostname="DESKTOP-IT3B5JU" failures="0" tests="1" name="POM_DDF.FacebookTestclass" time="51.914" errors="0" timestamp="2023-10-10T11:22:28 IST" skipped="0">
  <testcase classname="POM_DDF.FacebookTestclass" name="verifyfacebooklogin" time="51.914">
    <system-out>
      <![CDATA[---verify username from facebook---]]>
    </system-out>
  </testcase> <!-- verifyfacebooklogin -->
  <system-out>
    <![CDATA[-----browser open-----
-----login to application-----
---verify username from facebook---
---logout from application
---close browser---]]>
  </system-out>
</testsuite> <!-- POM_DDF.FacebookTestclass -->
